app/build/outputs/logs/manifest-merger-debug-report.txt
-- Merging decision tree log ---
manifest
ADDED from src\main\AndroidManifest.xml:2:1-79:12
	package
		ADDED from src\main\AndroidManifest.xml:3:5-40
		INJECTED from src\main\AndroidManifest.xml
		INJECTED from src\main\AndroidManifest.xml
	android:versionName
		ADDED from src\main\AndroidManifest.xml:5:5-30
		INJECTED from src\main\AndroidManifest.xml
		INJECTED from src\main\AndroidManifest.xml
	android:versionCode
		ADDED from src\main\AndroidManifest.xml:4:5-28
		INJECTED from src\main\AndroidManifest.xml
		INJECTED from src\main\AndroidManifest.xml
	xmlns:android
		ADDED from src\main\AndroidManifest.xml:2:11-69
uses-sdk
ADDED from src\main\AndroidManifest.xml:7:5-9:40
	android:targetSdkVersion
		ADDED from src\main\AndroidManifest.xml:9:9-37
		INJECTED from src\main\AndroidManifest.xml
		INJECTED from src\main\AndroidManifest.xml
	android:minSdkVersion
		ADDED from src\main\AndroidManifest.xml:8:9-34
		INJECTED from src\main\AndroidManifest.xml
		INJECTED from src\main\AndroidManifest.xml
application
ADDED from src\main\AndroidManifest.xml:11:5-47:19
	android:label
		ADDED from src\main\AndroidManifest.xml:14:9-41
	android:allowBackup
		ADDED from src\main\AndroidManifest.xml:12:9-35
	android:icon
		ADDED from src\main\AndroidManifest.xml:13:9-45
	android:theme
		ADDED from src\main\AndroidManifest.xml:15:9-40
activity#com.example.try_lbs_baidu.MainActivity
ADDED from src\main\AndroidManifest.xml:16:9-24:20
	android:label
		ADDED from src\main\AndroidManifest.xml:18:13-45
	android:name
		ADDED from src\main\AndroidManifest.xml:17:13-66
intent-filter#android.intent.action.MAIN+android.intent.category.LAUNCHER
ADDED from src\main\AndroidManifest.xml:19:13-23:29
action#android.intent.action.MAIN
ADDED from src\main\AndroidManifest.xml:20:17-69
	android:name
		ADDED from src\main\AndroidManifest.xml:20:25-66
category#android.intent.category.LAUNCHER
ADDED from src\main\AndroidManifest.xml:22:17-77
	android:name
		ADDED from src\main\AndroidManifest.xml:22:27-74
service#com.example.try_lbs_baidu.BroadcastCountDownService
ADDED from src\main\AndroidManifest.xml:25:9-62
	android:name
		ADDED from src\main\AndroidManifest.xml:25:18-59
receiver#com.example.try_lbs_baidu.BootBroadcastReceiver
ADDED from src\main\AndroidManifest.xml:26:9-31:20
	android:name
		ADDED from src\main\AndroidManifest.xml:26:19-56
intent-filter#android.intent.action.BOOT_COMPLETED+android.intent.category.HOME
ADDED from src\main\AndroidManifest.xml:27:13-30:29
action#android.intent.action.BOOT_COMPLETED
ADDED from src\main\AndroidManifest.xml:28:17-79
	android:name
		ADDED from src\main\AndroidManifest.xml:28:25-76
category#android.intent.category.HOME
ADDED from src\main\AndroidManifest.xml:29:17-73
	android:name
		ADDED from src\main\AndroidManifest.xml:29:27-70
receiver#com.example.try_lbs_baidu.IntentReceiver
ADDED from src\main\AndroidManifest.xml:33:9-39:20
	android:name
		ADDED from src\main\AndroidManifest.xml:33:19-49
intent-filter#HIPPO_ON_SERVICE_001+android.intent.category.HOME
ADDED from src\main\AndroidManifest.xml:35:13-38:29
action#HIPPO_ON_SERVICE_001
ADDED from src\main\AndroidManifest.xml:36:17-63
	android:name
		ADDED from src\main\AndroidManifest.xml:36:25-60
service#com.example.try_lbs_baidu.SMSListenerService
ADDED from src\main\AndroidManifest.xml:41:9-45:19
	android:process
		ADDED from src\main\AndroidManifest.xml:44:13-38
	android:exported
		ADDED from src\main\AndroidManifest.xml:43:13-36
	android:name
		ADDED from src\main\AndroidManifest.xml:42:13-47
service#com.baidu.location.f
ADDED from src\main\AndroidManifest.xml:46:9-113
	android:enabled
		ADDED from src\main\AndroidManifest.xml:46:54-76
	android:process
		ADDED from src\main\AndroidManifest.xml:46:77-102
	android:name
		ADDED from src\main\AndroidManifest.xml:46:18-53
uses-permission#android.permission.ACCESS_COARSE_LOCATION
ADDED from src\main\AndroidManifest.xml:48:5-49:23
	android:name
		ADDED from src\main\AndroidManifest.xml:48:22-78
uses-permission#android.permission.ACCESS_FINE_LOCATION
ADDED from src\main\AndroidManifest.xml:50:5-51:23
	android:name
		ADDED from src\main\AndroidManifest.xml:50:22-76
uses-permission#android.permission.ACCESS_WIFI_STATE
ADDED from src\main\AndroidManifest.xml:52:5-53:23
	android:name
		ADDED from src\main\AndroidManifest.xml:52:22-73
uses-permission#android.permission.ACCESS_NETWORK_STATE
ADDED from src\main\AndroidManifest.xml:54:5-55:23
	android:name
		ADDED from src\main\AndroidManifest.xml:54:22-76
uses-permission#android.permission.CHANGE_WIFI_STATE
ADDED from src\main\AndroidManifest.xml:56:5-57:23
	android:name
		ADDED from src\main\AndroidManifest.xml:56:22-73
uses-permission#android.permission.READ_PHONE_STATE
ADDED from src\main\AndroidManifest.xml:58:5-59:23
	android:name
		ADDED from src\main\AndroidManifest.xml:58:22-72
uses-permission#android.permission.WRITE_EXTERNAL_STORAGE
ADDED from src\main\AndroidManifest.xml:60:5-61:23
	android:name
		ADDED from src\main\AndroidManifest.xml:60:22-78
uses-permission#android.permission.INTERNET
ADDED from src\main\AndroidManifest.xml:62:5-67
	android:name
		ADDED from src\main\AndroidManifest.xml:62:22-64
uses-permission#android.permission.MOUNT_UNMOUNT_FILESYSTEMS
ADDED from src\main\AndroidManifest.xml:63:5-64:23
	android:name
		ADDED from src\main\AndroidManifest.xml:63:22-81
uses-permission#android.permission.READ_LOGS
ADDED from src\main\AndroidManifest.xml:65:5-66:23
	android:name
		ADDED from src\main\AndroidManifest.xml:65:22-65
uses-permission#android.permission.VIBRATE
ADDED from src\main\AndroidManifest.xml:67:5-66
	android:name
		ADDED from src\main\AndroidManifest.xml:67:22-63
uses-permission#android.permission.WAKE_LOCK
ADDED from src\main\AndroidManifest.xml:68:5-68
	android:name
		ADDED from src\main\AndroidManifest.xml:68:22-65
uses-permission#android.permission.WRITE_SETTINGS
ADDED from src\main\AndroidManifest.xml:69:5-73
	android:name
		ADDED from src\main\AndroidManifest.xml:69:22-70
uses-permission#android.permission.RECEIVE_BOOT_COMPLETED
ADDED from src\main\AndroidManifest.xml:71:5-80
	android:name
		ADDED from src\main\AndroidManifest.xml:71:22-78
uses-permission#android.permission.RECEIVE_SMS
ADDED from src\main\AndroidManifest.xml:73:5-69
	android:name
		ADDED from src\main\AndroidManifest.xml:73:22-67
uses-permission#android.permission.SEND_SMS
ADDED from src\main\AndroidManifest.xml:75:5-66
	android:name
		ADDED from src\main\AndroidManifest.xml:75:22-64
uses-permission#android.permission.CHANGE_NETWORK_STATE
ADDED from src\main\AndroidManifest.xml:78:5-78
	android:name
		ADDED from src\main\AndroidManifest.xml:78:22-76